{"log":
 [{"message":
   ".> LEAN_PATH=/Users/jonathanwashburn/Desktop/navier-stokes/.lake/packages/Cli/.lake/build/lib/lean:/Users/jonathanwashburn/Desktop/navier-stokes/.lake/packages/batteries/.lake/build/lib/lean:/Users/jonathanwashburn/Desktop/navier-stokes/.lake/packages/Qq/.lake/build/lib/lean:/Users/jonathanwashburn/Desktop/navier-stokes/.lake/packages/aesop/.lake/build/lib/lean:/Users/jonathanwashburn/Desktop/navier-stokes/.lake/packages/proofwidgets/.lake/build/lib/lean:/Users/jonathanwashburn/Desktop/navier-stokes/.lake/packages/importGraph/.lake/build/lib/lean:/Users/jonathanwashburn/Desktop/navier-stokes/.lake/packages/LeanSearchClient/.lake/build/lib/lean:/Users/jonathanwashburn/Desktop/navier-stokes/.lake/packages/plausible/.lake/build/lib/lean:/Users/jonathanwashburn/Desktop/navier-stokes/.lake/packages/mathlib/.lake/build/lib/lean:/Users/jonathanwashburn/Desktop/navier-stokes/.lake/build/lib/lean /Users/jonathanwashburn/.elan/toolchains/leanprover--lean4---v4.21.0-rc3/bin/lean -Dpp.unicode.fun=true /Users/jonathanwashburn/Desktop/navier-stokes/NavierStokesLedger/Operators/FredholmTheory.lean -R /Users/jonathanwashburn/Desktop/navier-stokes -o /Users/jonathanwashburn/Desktop/navier-stokes/.lake/build/lib/lean/NavierStokesLedger/Operators/FredholmTheory.olean -i /Users/jonathanwashburn/Desktop/navier-stokes/.lake/build/lib/lean/NavierStokesLedger/Operators/FredholmTheory.ilean -c /Users/jonathanwashburn/Desktop/navier-stokes/.lake/build/ir/NavierStokesLedger/Operators/FredholmTheory.c --json",
   "level": "trace"},
  {"message":
   "NavierStokesLedger/Operators/FredholmTheory.lean:29:39: unused variable `T`\nnote: this linter can be disabled with `set_option linter.unusedVariables false`",
   "level": "warning"},
  {"message":
   "NavierStokesLedger/Operators/FredholmTheory.lean:39:55: unused variable `h`\nnote: this linter can be disabled with `set_option linter.unusedVariables false`",
   "level": "warning"},
  {"message":
   "NavierStokesLedger/Operators/FredholmTheory.lean:50:8: declaration uses 'sorry'",
   "level": "warning"},
  {"message":
   "NavierStokesLedger/Operators/FredholmTheory.lean:59:3: unused variable `A`\nnote: this linter can be disabled with `set_option linter.unusedVariables false`",
   "level": "warning"},
  {"message":
   "NavierStokesLedger/Operators/FredholmTheory.lean:60:20: unused variable `hK`\nnote: this linter can be disabled with `set_option linter.unusedVariables false`",
   "level": "warning"},
  {"message":
   "NavierStokesLedger/Operators/FredholmTheory.lean:60:45: unused variable `hsmall`\nnote: this linter can be disabled with `set_option linter.unusedVariables false`",
   "level": "warning"},
  {"message":
   "NavierStokesLedger/Operators/FredholmTheory.lean:71:3: unused variable `L`\nnote: this linter can be disabled with `set_option linter.unusedVariables false`",
   "level": "warning"},
  {"message":
   "NavierStokesLedger/Operators/FredholmTheory.lean:71:29: unused variable `hgap`\nnote: this linter can be disabled with `set_option linter.unusedVariables false`",
   "level": "warning"}],
 "inputs":
 [["NavierStokesLedger.Operators.FredholmTheory:deps",
   [["deps",
     [["«navier-stokes»/NavierStokesLedger:extraDep",
       [["@«navier-stokes»:extraDep", "1723"]]],
      ["import oleans",
       [["Mathlib.Analysis.Normed.Operator.LinearIsometry:olean",
         [["Mathlib.Analysis.Normed.Operator.LinearIsometry:deps",
           "4203957287871246625"],
          ["/Users/jonathanwashburn/Desktop/navier-stokes/.lake/packages/mathlib/.lake/build/lib/lean/Mathlib/Analysis/Normed/Operator/LinearIsometry.olean",
           "12221067306776584677"]]],
        ["Mathlib.Analysis.Complex.Basic:olean",
         [["Mathlib.Analysis.Complex.Basic:deps", "1584888686148908345"],
          ["/Users/jonathanwashburn/Desktop/navier-stokes/.lake/packages/mathlib/.lake/build/lib/lean/Mathlib/Analysis/Complex/Basic.olean",
           "3457500140469024424"]]],
        ["Mathlib.Analysis.InnerProductSpace.Basic:olean",
         [["Mathlib.Analysis.InnerProductSpace.Basic:deps",
           "9376910931717100085"],
          ["/Users/jonathanwashburn/Desktop/navier-stokes/.lake/packages/mathlib/.lake/build/lib/lean/Mathlib/Analysis/InnerProductSpace/Basic.olean",
           "4648763546870731128"]]],
        ["Mathlib.Analysis.Normed.Module.Basic:olean",
         [["Mathlib.Analysis.Normed.Module.Basic:deps", "7616547582251881557"],
          ["/Users/jonathanwashburn/Desktop/navier-stokes/.lake/packages/mathlib/.lake/build/lib/lean/Mathlib/Analysis/Normed/Module/Basic.olean",
           "5479144765847225504"]]],
        ["Mathlib.Analysis.NormedSpace.OperatorNorm.Basic:olean",
         [["Mathlib.Analysis.NormedSpace.OperatorNorm.Basic:deps",
           "5585607862715331774"],
          ["/Users/jonathanwashburn/Desktop/navier-stokes/.lake/packages/mathlib/.lake/build/lib/lean/Mathlib/Analysis/NormedSpace/OperatorNorm/Basic.olean",
           "2451056148441733331"]]],
        ["NavierStokesLedger.BasicDefinitions:olean",
         [["NavierStokesLedger.BasicDefinitions:deps", "16057427931367726781"],
          ["/Users/jonathanwashburn/Desktop/navier-stokes/.lake/build/lib/lean/NavierStokesLedger/BasicDefinitions.olean",
           "6350381048221128161"]]]]]]],
    ["libs",
     [["import dynlibs", "1723"],
      ["package external libraries", "1723"],
      ["module dynlibs", "1723"],
      ["module plugins", "1723"]]]]],
  ["Lean 4.21.0, commit 6741444a63eec253a7eae7a83f1beb3de015023d",
   "11123825329739276520"],
  ["Module.leanArgs: #[-Dpp.unicode.fun=true]", "16183078925686905371"],
  ["/Users/jonathanwashburn/Desktop/navier-stokes/NavierStokesLedger/Operators/FredholmTheory.lean",
   "1478577249853378023"]],
 "depHash": "5976960887994656517"}