{"log":
 [{"message":
   ".> LEAN_PATH=/Users/jonathanwashburn/Desktop/navier-stokes/.lake/packages/Cli/.lake/build/lib/lean:/Users/jonathanwashburn/Desktop/navier-stokes/.lake/packages/batteries/.lake/build/lib/lean:/Users/jonathanwashburn/Desktop/navier-stokes/.lake/packages/Qq/.lake/build/lib/lean:/Users/jonathanwashburn/Desktop/navier-stokes/.lake/packages/aesop/.lake/build/lib/lean:/Users/jonathanwashburn/Desktop/navier-stokes/.lake/packages/proofwidgets/.lake/build/lib/lean:/Users/jonathanwashburn/Desktop/navier-stokes/.lake/packages/importGraph/.lake/build/lib/lean:/Users/jonathanwashburn/Desktop/navier-stokes/.lake/packages/LeanSearchClient/.lake/build/lib/lean:/Users/jonathanwashburn/Desktop/navier-stokes/.lake/packages/plausible/.lake/build/lib/lean:/Users/jonathanwashburn/Desktop/navier-stokes/.lake/packages/mathlib/.lake/build/lib/lean:/Users/jonathanwashburn/Desktop/navier-stokes/.lake/build/lib/lean /Users/jonathanwashburn/.elan/toolchains/leanprover--lean4---v4.21.0-rc3/bin/lean -Dpp.unicode.fun=true /Users/jonathanwashburn/Desktop/navier-stokes/NavierStokesLedger/Geometry/CrossBounds.lean -R /Users/jonathanwashburn/Desktop/navier-stokes -o /Users/jonathanwashburn/Desktop/navier-stokes/.lake/build/lib/lean/NavierStokesLedger/Geometry/CrossBounds.olean -i /Users/jonathanwashburn/Desktop/navier-stokes/.lake/build/lib/lean/NavierStokesLedger/Geometry/CrossBounds.ilean -c /Users/jonathanwashburn/Desktop/navier-stokes/.lake/build/ir/NavierStokesLedger/Geometry/CrossBounds.c --json",
   "level": "trace"},
  {"message":
   "NavierStokesLedger/Geometry/CrossBounds.lean:18:6: declaration uses 'sorry'",
   "level": "warning"},
  {"message":
   "NavierStokesLedger/Geometry/CrossBounds.lean:30:6: declaration uses 'sorry'",
   "level": "warning"},
  {"message":
   "NavierStokesLedger/Geometry/CrossBounds.lean:38:6: declaration uses 'sorry'",
   "level": "warning"}],
 "inputs":
 [["NavierStokesLedger.Geometry.CrossBounds:deps",
   [["deps",
     [["«navier-stokes»/NavierStokesLedger:extraDep",
       [["@«navier-stokes»:extraDep", "1723"]]],
      ["import oleans",
       [["Mathlib.Analysis.SpecialFunctions.Trigonometric.Basic:olean",
         [["Mathlib.Analysis.SpecialFunctions.Trigonometric.Basic:deps",
           "12230234158482396326"],
          ["/Users/jonathanwashburn/Desktop/navier-stokes/.lake/packages/mathlib/.lake/build/lib/lean/Mathlib/Analysis/SpecialFunctions/Trigonometric/Basic.olean",
           "9390774172974191410"]]],
        ["Mathlib.Data.Real.Basic:olean",
         [["Mathlib.Data.Real.Basic:deps", "698409057490170208"],
          ["/Users/jonathanwashburn/Desktop/navier-stokes/.lake/packages/mathlib/.lake/build/lib/lean/Mathlib/Data/Real/Basic.olean",
           "9829555656607801594"]]],
        ["Mathlib.Analysis.InnerProductSpace.Basic:olean",
         [["Mathlib.Analysis.InnerProductSpace.Basic:deps",
           "9376910931717100085"],
          ["/Users/jonathanwashburn/Desktop/navier-stokes/.lake/packages/mathlib/.lake/build/lib/lean/Mathlib/Analysis/InnerProductSpace/Basic.olean",
           "4648763546870731128"]]],
        ["NavierStokesLedger.BasicDefinitions:olean",
         [["NavierStokesLedger.BasicDefinitions:deps", "16057427931367726781"],
          ["/Users/jonathanwashburn/Desktop/navier-stokes/.lake/build/lib/lean/NavierStokesLedger/BasicDefinitions.olean",
           "6350381048221128161"]]]]]]],
    ["libs",
     [["import dynlibs", "1723"],
      ["package external libraries", "1723"],
      ["module dynlibs", "1723"],
      ["module plugins", "1723"]]]]],
  ["Lean 4.21.0, commit 6741444a63eec253a7eae7a83f1beb3de015023d",
   "11123825329739276520"],
  ["Module.leanArgs: #[-Dpp.unicode.fun=true]", "16183078925686905371"],
  ["/Users/jonathanwashburn/Desktop/navier-stokes/NavierStokesLedger/Geometry/CrossBounds.lean",
   "4035488342453095993"]],
 "depHash": "15040216310014621029"}