{"log":
 [{"message":
   ".> LEAN_PATH=/Users/jonathanwashburn/Desktop/navier-stokes/.lake/packages/Cli/.lake/build/lib/lean:/Users/jonathanwashburn/Desktop/navier-stokes/.lake/packages/batteries/.lake/build/lib/lean:/Users/jonathanwashburn/Desktop/navier-stokes/.lake/packages/Qq/.lake/build/lib/lean:/Users/jonathanwashburn/Desktop/navier-stokes/.lake/packages/aesop/.lake/build/lib/lean:/Users/jonathanwashburn/Desktop/navier-stokes/.lake/packages/proofwidgets/.lake/build/lib/lean:/Users/jonathanwashburn/Desktop/navier-stokes/.lake/packages/importGraph/.lake/build/lib/lean:/Users/jonathanwashburn/Desktop/navier-stokes/.lake/packages/LeanSearchClient/.lake/build/lib/lean:/Users/jonathanwashburn/Desktop/navier-stokes/.lake/packages/plausible/.lake/build/lib/lean:/Users/jonathanwashburn/Desktop/navier-stokes/.lake/packages/mathlib/.lake/build/lib/lean:/Users/jonathanwashburn/Desktop/navier-stokes/.lake/build/lib/lean /Users/jonathanwashburn/.elan/toolchains/leanprover--lean4---v4.21.0-rc3/bin/lean -Dpp.unicode.fun=true /Users/jonathanwashburn/Desktop/navier-stokes/NavierStokesLedger/RSImports.lean -R /Users/jonathanwashburn/Desktop/navier-stokes -o /Users/jonathanwashburn/Desktop/navier-stokes/.lake/build/lib/lean/NavierStokesLedger/RSImports.olean -i /Users/jonathanwashburn/Desktop/navier-stokes/.lake/build/lib/lean/NavierStokesLedger/RSImports.ilean -c /Users/jonathanwashburn/Desktop/navier-stokes/.lake/build/ir/NavierStokesLedger/RSImports.c --json",
   "level": "trace"},
  {"message":
   "NavierStokesLedger/RSImports.lean:23:7: 'Mathlib.MeasureTheory.Integral.Bochner' has been deprecated: please replace this import by\n\nimport Mathlib.MeasureTheory.Integral.Bochner.Basic\nimport Mathlib.MeasureTheory.Integral.Bochner.L1\nimport Mathlib.MeasureTheory.Integral.Bochner.VitaliCaratheodory\n\nnote: this linter can be disabled with `set_option linter.deprecated.module false`",
   "level": "warning"}],
 "inputs":
 [["NavierStokesLedger.RSImports:deps",
   [["deps",
     [["«navier-stokes»/NavierStokesLedger:extraDep",
       [["@«navier-stokes»:extraDep", "1723"]]],
      ["import oleans",
       [["Mathlib.Data.Real.Basic:olean",
         [["Mathlib.Data.Real.Basic:deps", "698409057490170208"],
          ["/Users/jonathanwashburn/Desktop/navier-stokes/.lake/packages/mathlib/.lake/build/lib/lean/Mathlib/Data/Real/Basic.olean",
           "9829555656607801594"]]],
        ["Mathlib.Analysis.SpecialFunctions.Pow.Real:olean",
         [["Mathlib.Analysis.SpecialFunctions.Pow.Real:deps",
           "6055332925012471374"],
          ["/Users/jonathanwashburn/Desktop/navier-stokes/.lake/packages/mathlib/.lake/build/lib/lean/Mathlib/Analysis/SpecialFunctions/Pow/Real.olean",
           "10611107808729395219"]]],
        ["Mathlib.Analysis.SpecialFunctions.Log.Basic:olean",
         [["Mathlib.Analysis.SpecialFunctions.Log.Basic:deps",
           "13617032953958545305"],
          ["/Users/jonathanwashburn/Desktop/navier-stokes/.lake/packages/mathlib/.lake/build/lib/lean/Mathlib/Analysis/SpecialFunctions/Log/Basic.olean",
           "5814748237578142902"]]],
        ["Mathlib.Analysis.ODE.Gronwall:olean",
         [["Mathlib.Analysis.ODE.Gronwall:deps", "5907819106497522667"],
          ["/Users/jonathanwashburn/Desktop/navier-stokes/.lake/packages/mathlib/.lake/build/lib/lean/Mathlib/Analysis/ODE/Gronwall.olean",
           "2643351887251179670"]]],
        ["Mathlib.Analysis.Calculus.Deriv.Basic:olean",
         [["Mathlib.Analysis.Calculus.Deriv.Basic:deps", "6641687180126964099"],
          ["/Users/jonathanwashburn/Desktop/navier-stokes/.lake/packages/mathlib/.lake/build/lib/lean/Mathlib/Analysis/Calculus/Deriv/Basic.olean",
           "10245854579616894076"]]],
        ["Mathlib.Analysis.Calculus.FDeriv.Basic:olean",
         [["Mathlib.Analysis.Calculus.FDeriv.Basic:deps",
           "11584335558503084361"],
          ["/Users/jonathanwashburn/Desktop/navier-stokes/.lake/packages/mathlib/.lake/build/lib/lean/Mathlib/Analysis/Calculus/FDeriv/Basic.olean",
           "18041964254902706607"]]],
        ["Mathlib.Analysis.Normed.Module.Basic:olean",
         [["Mathlib.Analysis.Normed.Module.Basic:deps", "7616547582251881557"],
          ["/Users/jonathanwashburn/Desktop/navier-stokes/.lake/packages/mathlib/.lake/build/lib/lean/Mathlib/Analysis/Normed/Module/Basic.olean",
           "5479144765847225504"]]],
        ["Mathlib.Analysis.InnerProductSpace.Basic:olean",
         [["Mathlib.Analysis.InnerProductSpace.Basic:deps",
           "9376910931717100085"],
          ["/Users/jonathanwashburn/Desktop/navier-stokes/.lake/packages/mathlib/.lake/build/lib/lean/Mathlib/Analysis/InnerProductSpace/Basic.olean",
           "4648763546870731128"]]],
        ["Mathlib.Analysis.Calculus.ContDiff.Basic:olean",
         [["Mathlib.Analysis.Calculus.ContDiff.Basic:deps",
           "12847772501501619056"],
          ["/Users/jonathanwashburn/Desktop/navier-stokes/.lake/packages/mathlib/.lake/build/lib/lean/Mathlib/Analysis/Calculus/ContDiff/Basic.olean",
           "3094461696447764306"]]],
        ["Mathlib.Analysis.SpecialFunctions.Exp:olean",
         [["Mathlib.Analysis.SpecialFunctions.Exp:deps",
           "17743205989093819705"],
          ["/Users/jonathanwashburn/Desktop/navier-stokes/.lake/packages/mathlib/.lake/build/lib/lean/Mathlib/Analysis/SpecialFunctions/Exp.olean",
           "11536264173607838636"]]],
        ["Mathlib.Analysis.SpecialFunctions.Trigonometric.Basic:olean",
         [["Mathlib.Analysis.SpecialFunctions.Trigonometric.Basic:deps",
           "12230234158482396326"],
          ["/Users/jonathanwashburn/Desktop/navier-stokes/.lake/packages/mathlib/.lake/build/lib/lean/Mathlib/Analysis/SpecialFunctions/Trigonometric/Basic.olean",
           "9390774172974191410"]]],
        ["Mathlib.MeasureTheory.Integral.Bochner:olean",
         [["Mathlib.MeasureTheory.Integral.Bochner:deps",
           "17075897213195915491"],
          ["/Users/jonathanwashburn/Desktop/navier-stokes/.lake/packages/mathlib/.lake/build/lib/lean/Mathlib/MeasureTheory/Integral/Bochner.olean",
           "3740451041638562135"]]],
        ["Mathlib.MeasureTheory.Function.L2Space:olean",
         [["Mathlib.MeasureTheory.Function.L2Space:deps",
           "18121741424597794039"],
          ["/Users/jonathanwashburn/Desktop/navier-stokes/.lake/packages/mathlib/.lake/build/lib/lean/Mathlib/MeasureTheory/Function/L2Space.olean",
           "16827584564329167346"]]],
        ["Mathlib.Topology.MetricSpace.Basic:olean",
         [["Mathlib.Topology.MetricSpace.Basic:deps", "9457764022294847647"],
          ["/Users/jonathanwashburn/Desktop/navier-stokes/.lake/packages/mathlib/.lake/build/lib/lean/Mathlib/Topology/MetricSpace/Basic.olean",
           "6957979306767668595"]]],
        ["Mathlib.Data.Real.GoldenRatio:olean",
         [["Mathlib.Data.Real.GoldenRatio:deps", "10580637137804341212"],
          ["/Users/jonathanwashburn/Desktop/navier-stokes/.lake/packages/mathlib/.lake/build/lib/lean/Mathlib/Data/Real/GoldenRatio.olean",
           "12959211848337636374"]]]]]]],
    ["libs",
     [["import dynlibs", "1723"],
      ["package external libraries", "1723"],
      ["module dynlibs", "1723"],
      ["module plugins", "1723"]]]]],
  ["Lean 4.21.0, commit 6741444a63eec253a7eae7a83f1beb3de015023d",
   "11123825329739276520"],
  ["Module.leanArgs: #[-Dpp.unicode.fun=true]", "16183078925686905371"],
  ["/Users/jonathanwashburn/Desktop/navier-stokes/NavierStokesLedger/RSImports.lean",
   "17812687812933854893"]],
 "depHash": "15704805598349497171"}