{"log":
 [{"message":
   ".> LEAN_PATH=/Users/jonathanwashburn/Desktop/navier-stokes/.lake/packages/Cli/.lake/build/lib/lean:/Users/jonathanwashburn/Desktop/navier-stokes/.lake/packages/batteries/.lake/build/lib/lean:/Users/jonathanwashburn/Desktop/navier-stokes/.lake/packages/Qq/.lake/build/lib/lean:/Users/jonathanwashburn/Desktop/navier-stokes/.lake/packages/aesop/.lake/build/lib/lean:/Users/jonathanwashburn/Desktop/navier-stokes/.lake/packages/proofwidgets/.lake/build/lib/lean:/Users/jonathanwashburn/Desktop/navier-stokes/.lake/packages/importGraph/.lake/build/lib/lean:/Users/jonathanwashburn/Desktop/navier-stokes/.lake/packages/LeanSearchClient/.lake/build/lib/lean:/Users/jonathanwashburn/Desktop/navier-stokes/.lake/packages/plausible/.lake/build/lib/lean:/Users/jonathanwashburn/Desktop/navier-stokes/.lake/packages/mathlib/.lake/build/lib/lean:/Users/jonathanwashburn/Desktop/navier-stokes/.lake/build/lib/lean /Users/jonathanwashburn/.elan/toolchains/leanprover--lean4---v4.21.0-rc3/bin/lean -Dpp.unicode.fun=true /Users/jonathanwashburn/Desktop/navier-stokes/NavierStokesLedger/TimeDependent.lean -R /Users/jonathanwashburn/Desktop/navier-stokes -o /Users/jonathanwashburn/Desktop/navier-stokes/.lake/build/lib/lean/NavierStokesLedger/TimeDependent.olean -i /Users/jonathanwashburn/Desktop/navier-stokes/.lake/build/lib/lean/NavierStokesLedger/TimeDependent.ilean -c /Users/jonathanwashburn/Desktop/navier-stokes/.lake/build/ir/NavierStokesLedger/TimeDependent.c --json",
   "level": "trace"}],
 "inputs":
 [["NavierStokesLedger.TimeDependent:deps",
   [["deps",
     [["«navier-stokes»/NavierStokesLedger:extraDep",
       [["@«navier-stokes»:extraDep", "1723"]]],
      ["import oleans",
       [["NavierStokesLedger.PDEOperators:olean",
         [["NavierStokesLedger.PDEOperators:deps", "13300701643599956007"],
          ["/Users/jonathanwashburn/Desktop/navier-stokes/.lake/build/lib/lean/NavierStokesLedger/PDEOperators.olean",
           "10876540640120591568"]]],
        ["Mathlib.Analysis.Calculus.ContDiff.Basic:olean",
         [["Mathlib.Analysis.Calculus.ContDiff.Basic:deps",
           "12847772501501619056"],
          ["/Users/jonathanwashburn/Desktop/navier-stokes/.lake/packages/mathlib/.lake/build/lib/lean/Mathlib/Analysis/Calculus/ContDiff/Basic.olean",
           "3094461696447764306"]]]]]]],
    ["libs",
     [["import dynlibs", "1723"],
      ["package external libraries", "1723"],
      ["module dynlibs", "1723"],
      ["module plugins", "1723"]]]]],
  ["Lean 4.21.0, commit 6741444a63eec253a7eae7a83f1beb3de015023d",
   "11123825329739276520"],
  ["Module.leanArgs: #[-Dpp.unicode.fun=true]", "16183078925686905371"],
  ["/Users/jonathanwashburn/Desktop/navier-stokes/NavierStokesLedger/TimeDependent.lean",
   "5211457553636773883"]],
 "depHash": "778053016076511181"}